<?xml version="1.0" encoding="UTF-8"?>
<!-- Generated by org.testng.reporters.JUnitReportReporter -->
<testsuite hostname="LAPTOP-F7K33RPC" failures="0" tests="1" name="TestNG.TestNG_Example" time="9.207" errors="0" timestamp="2021-07-31T22:49:46 IST" skipped="0">
  <testcase classname="TestNG.TestNG_Example" name="verifyTitle" time="9.207"/>
  <system-out/>
</testsuite> <!-- TestNG.TestNG_Example -->
